2012/11/10 03:40:07 [error] [php] Illegal string offset 'class' (C:\wamp\www\caln8\protected\extensions\bootstrap\widgets\TbButton.php:160)
Stack trace:
#0 C:\wamp\www\caln8\protected\extensions\bootstrap\widgets\TbButtonGroup.php(115): SiteController->widget()
#1 C:\wamp\www\yii\framework\web\CBaseController.php(174): TbButtonGroup->run()
#2 C:\wamp\www\caln8\protected\views\site\index.php(31): SiteController->widget()
#3 C:\wamp\www\yii\framework\web\CBaseController.php(127): require()
#4 C:\wamp\www\yii\framework\web\CBaseController.php(96): SiteController->renderInternal()
#5 C:\wamp\www\yii\framework\web\CController.php(870): SiteController->renderFile()
#6 C:\wamp\www\yii\framework\web\CController.php(783): SiteController->renderPartial()
#7 C:\wamp\www\caln8\protected\controllers\SiteController.php(32): SiteController->render()
#8 C:\wamp\www\yii\framework\web\actions\CInlineAction.php(50): SiteController->actionIndex()
#9 C:\wamp\www\yii\framework\web\CController.php(309): CInlineAction->runWithParams()
#10 C:\wamp\www\yii\framework\web\CController.php(287): SiteController->runAction()
#11 C:\wamp\www\yii\framework\web\CController.php(266): SiteController->runActionWithFilters()
#12 C:\wamp\www\yii\framework\web\CWebApplication.php(283): SiteController->run()
#13 C:\wamp\www\yii\framework\web\CWebApplication.php(142): CWebApplication->runController()
#14 C:\wamp\www\yii\framework\base\CApplication.php(162): CWebApplication->processRequest()
#15 C:\wamp\www\caln8\index.php(13): CWebApplication->run()
REQUEST_URI=/caln8/index.php?r=site/index
in C:\wamp\www\caln8\protected\extensions\bootstrap\widgets\TbButton.php (160)
in C:\wamp\www\caln8\protected\extensions\bootstrap\widgets\TbButtonGroup.php (115)
in C:\wamp\www\caln8\protected\views\site\index.php (31)
